  
*** Using Compiler 'V5.06 update 7 (build 960)', folder: 'C:\Softwares\Keil_v5\ARM\ARMCC\Bin'
Rebuild target 'Template'
Note: source file '.\Tivaware\utils\uartstdio.c' - object file renamed from '.\OBJ\uartstdio.o' to '.\OBJ\uartstdio_1.o'.compiling myTimer.c...
Hardwares\Timer\myTimer.c(39): warning:  #1-D: last line of file ends without a newline
  }
Hardwares\Timer\myTimer.c: 1 warning, 0 errors
compiling usart.c...
compiling clib_arm.c...
compiling freertos_evr.c...
compiling myCap.c...
compiling event_groups.c...
compiling myPWM.c...
compiling hc_sr04.c...
compiling led.c...
compiling main.c...
Main\main.c(150): warning:  #1-D: last line of file ends without a newline
  }
Main\main.c: 1 warning, 0 errors
compiling cmsis_os2.c...
compiling list.c...
compiling os_systick.c...
assembling startup_TM4C123.s...
compiling queue.c...
compiling port.c...
compiling system_TM4C123.c...
compiling timers.c...
compiling heap_4.c...
compiling aes.c...
compiling adc.c...
compiling tasks.c...
compiling comp.c...
compiling can.c...
compiling cpu.c...
compiling crc.c...
compiling des.c...
compiling eeprom.c...
compiling emac.c...
compiling flash.c...
compiling epi.c...
compiling fpu.c...
compiling gpio.c...
compiling interrupt.c...
compiling hibernate.c...
compiling i2c.c...
compiling lcd.c...
compiling mpu.c...
compiling onewire.c...
compiling qei.c...
compiling pwm.c...
compiling shamd5.c...
compiling sw_crc.c...
compiling ssi.c...
compiling sysexc.c...
compiling systick.c...
compiling timer.c...
compiling sysctl.c...
compiling uart.c...
compiling udma.c...
compiling watchdog.c...
compiling ustdlib.c...
compiling uartstdio.c...
compiling usb.c...
linking...
Program Size: Code=9920 RO-data=1848 RW-data=148 ZI-data=11140  
FromELF: creating hex file...
After Build - User command #1: fromelf --bin --output .\OBJ\object.bin .\OBJ\object.axf
".\OBJ\Object.axf" - 0 Error(s), 2 Warning(s).
Build Time Elapsed:  00:00:03
