  
*** Using Compiler 'V5.06 update 7 (build 960)', folder: 'C:\Softwares\Keil_v5\ARM\ARMCC\Bin'
Rebuild target 'MiniCar'
compiling iwdg.c...
compiling vsensor.c...
compiling led.c...
compiling motor.c...
compiling timer.c...
compiling system_stm32f10x.c...
compiling key.c...
compiling stm32f10x_it.c...
compiling Zigbee.c...
compiling OLED.c...
compiling main.c...
main.c(409): warning:  #128-D: loop is not reachable
      while (1) {
main.c: 1 warning, 0 errors
compiling IIC_Hard.c...
assembling startup_stm32f10x_md.s...
compiling metal_detection.c...
compiling core_cm3.c...
compiling beep.c...
compiling exti.c...
compiling track.c...
compiling hc_sr04.c...
compiling delay.c...
compiling usart.c...
compiling sys.c...
compiling misc.c...
compiling stm32f10x_dbgmcu.c...
compiling stm32f10x_gpio.c...
compiling stm32f10x_rcc.c...
compiling stm32f10x_iwdg.c...
compiling stm32f10x_usart.c...
compiling stm32f10x_exti.c...
compiling stm32f10x_i2c.c...
compiling tea.c...
compiling PID.c...
compiling stm32f10x_tim.c...
compiling croutine.c...
compiling heap_4.c...
compiling port.c...
compiling mui.c...
compiling event_groups.c...
compiling u8g2_bitmap.c...
compiling list.c...
compiling u8g2_box.c...
compiling queue.c...
compiling mui_u8g2.c...
compiling u8g2_button.c...
compiling u8g2_buffer.c...
compiling timers.c...
compiling tasks.c...
compiling u8g2_cleardisplay.c...
compiling u8g2_circle.c...
compiling u8g2_d_memory.c...
compiling u8g2_d_setup.c...
compiling u8g2_hvline.c...
compiling u8g2_intersection.c...
compiling u8g2_input_value.c...
compiling u8g2_kerning.c...
compiling u8g2_font.c...
compiling u8g2_line.c...
compiling u8g2_ll_hvline.c...
compiling u8g2_message.c...
compiling u8g2_polygon.c...
compiling u8g2_selection_list.c...
compiling u8g2_fonts.c...
compiling u8log.c...
compiling u8g2_setup.c...
compiling u8log_u8x8.c...
compiling u8log_u8g2.c...
compiling u8x8_8x8.c...
compiling u8x8_byte.c...
compiling u8x8_cad.c...
compiling u8x8_capture.c...
compiling u8x8_d_ssd1306_128x64_noname.c...
compiling u8x8_debounce.c...
compiling u8x8_display.c...
compiling u8x8_gpio.c...
compiling u8x8_input_value.c...
compiling u8x8_message.c...
compiling u8x8_fonts.c...
compiling u8x8_selection_list.c...
compiling u8x8_setup.c...
compiling u8x8_u8toa.c...
compiling u8x8_string.c...
compiling u8x8_u16toa.c...
linking...
Program Size: Code=26044 RO-data=49040 RW-data=280 ZI-data=15160  
FromELF: creating hex file...
"..\OBJ\LED.axf" - 0 Error(s), 1 Warning(s).
Build Time Elapsed:  00:00:04
